Using pre-set license
Built from '2020.2/staging' branch; Version is '2020.2.7f1 (c53830e277f1) revision 12924976'; Using compiler version '192528614'; Build Type 'Release'
OS: 'Windows 10 Home; OS build 19041.985; Version 2004; 64bit' Language: 'fr' Physical Memory: 32702 MB
BatchMode: 1, IsHumanControllingUs: 0, StartBugReporterOnCrash: 0, Is64bit: 1, IsPro: 0

 COMMAND LINE ARGUMENTS:
C:\Program Files\Unity\Hub\Editor\2020.2.7f1\Editor\Unity.exe
-adb2
-batchMode
-noUpm
-name
AssetImportWorker0
-projectPath
D:/ARTFX - GAME 2/Unity/JEU DU MOIS 3
-logFile
Logs/AssetImportWorker0.log
-srvPort
49713
Successfully changed project path to: D:/ARTFX - GAME 2/Unity/JEU DU MOIS 3
D:/ARTFX - GAME 2/Unity/JEU DU MOIS 3
Using Asset Import Pipeline V2.
Refreshing native plugins compatible for Editor in 36.60 ms, found 0 plugins.
Preloading 0 native plugins for Editor in 0.00 ms.
Initialize engine version: 2020.2.7f1 (c53830e277f1)
[Subsystems] Discovering subsystems at path C:/Program Files/Unity/Hub/Editor/2020.2.7f1/Editor/Data/Resources/UnitySubsystems
[Subsystems] Discovering subsystems at path D:/ARTFX - GAME 2/Unity/JEU DU MOIS 3/Assets
GfxDevice: creating device client; threaded=0
Direct3D:
    Version:  Direct3D 11.0 [level 11.1]
    Renderer: NVIDIA GeForce RTX 2080 (ID=0x1e87)
    Vendor:   
    VRAM:     8010 MB
    Driver:   27.21.14.6140
Shader 'Universal Render Pipeline/Particles/Lit': fallback shader 'Universal Render Pipeline/Particles/SimpleLit' not found
Initialize mono
Mono path[0] = 'C:/Program Files/Unity/Hub/Editor/2020.2.7f1/Editor/Data/Managed'
Mono path[1] = 'C:/Program Files/Unity/Hub/Editor/2020.2.7f1/Editor/Data/MonoBleedingEdge/lib/mono/unityjit'
Mono config path = 'C:/Program Files/Unity/Hub/Editor/2020.2.7f1/Editor/Data/MonoBleedingEdge/etc'
Using monoOptions --debugger-agent=transport=dt_socket,embedding=1,server=y,suspend=n,address=127.0.0.1:56900
Begin MonoManager ReloadAssembly
Registering precompiled unity dll's ...
Register platform support module: C:/Program Files/Unity/Hub/Editor/2020.2.7f1/Editor/Data/PlaybackEngines/WindowsStandaloneSupport/UnityEditor.WindowsStandalone.Extensions.dll
Registered in 0.001612 seconds.
Native extension for WindowsStandalone target not found
Refreshing native plugins compatible for Editor in 36.01 ms, found 0 plugins.
Preloading 0 native plugins for Editor in 0.00 ms.
Invoked RoslynAnalysisRunner static constructor.
RoslynAnalysisRunner will not be running.
RoslynAnalysisRunner has terminated.
Mono: successfully reloaded assembly
- Completed reload, in  0.911 seconds
Platform modules already initialized, skipping
Registering precompiled user dll's ...
Registered in 0.000845 seconds.
Begin MonoManager ReloadAssembly
Native extension for WindowsStandalone target not found
Refreshing native plugins compatible for Editor in 38.97 ms, found 0 plugins.
Preloading 0 native plugins for Editor in 0.00 ms.
Invoked RoslynAnalysisRunner static constructor.
RoslynAnalysisRunner will not be running.
RoslynAnalysisRunner has terminated.
Mono: successfully reloaded assembly
- Completed reload, in  0.797 seconds
Platform modules already initialized, skipping
========================================================================
Worker process is ready to serve import requests
Shader 'Universal Render Pipeline/Particles/Lit': fallback shader 'Universal Render Pipeline/Particles/SimpleLit' not found
Launched and connected shader compiler UnityShaderCompiler.exe after 0.04 seconds
Refreshing native plugins compatible for Editor in 0.39 ms, found 0 plugins.
Preloading 0 native plugins for Editor in 0.00 ms.
Unloading 2441 Unused Serialized files (Serialized files now loaded: 0)
System memory in use before: 114.1 MB.
System memory in use after: 114.3 MB.

Unloading 11 unused Assets to reduce memory usage. Loaded Objects now: 2890.
Total: 2.360300 ms (FindLiveObjects: 0.264400 ms CreateObjectMapping: 0.119800 ms MarkObjects: 1.871900 ms  DeleteObjects: 0.103200 ms)

========================================================================
Received Import Request.
  path: Assets/Assets/HOW TO PLAY DEVANTURE.png
  artifactKey: Guid(9b2cf20236d96404e88f4ec40e25304d) Importer(815301076,1909f56bfc062723c751e8b465ee728b)
Start importing Assets/Assets/HOW TO PLAY DEVANTURE.png using Guid(9b2cf20236d96404e88f4ec40e25304d) Importer(815301076,1909f56bfc062723c751e8b465ee728b)  -> (artifact id: '3ad96031de7b4039c8311c061dcfdb1e') in 0.070440 seconds
  Import took 0.073996 seconds .

========================================================================
Received Import Request.
  Time since last request: 11.598092 seconds.
  path: Assets/Assets/HOW TO PLAY DEVANTURE.png
  artifactKey: Guid(9b2cf20236d96404e88f4ec40e25304d) Importer(815301076,1909f56bfc062723c751e8b465ee728b)
Start importing Assets/Assets/HOW TO PLAY DEVANTURE.png using Guid(9b2cf20236d96404e88f4ec40e25304d) Importer(815301076,1909f56bfc062723c751e8b465ee728b)  -> (artifact id: 'b17c08c22914cf1561e7eb51ff17c07b') in 0.059745 seconds
  Import took 0.063059 seconds .

========================================================================
Received Import Request.
  Time since last request: 225.078198 seconds.
  path: Assets/Assets/HOW TO PLAY DEVANTURE V2.png
  artifactKey: Guid(8e788d686f523e949b1ffc4cb708092a) Importer(815301076,1909f56bfc062723c751e8b465ee728b)
Start importing Assets/Assets/HOW TO PLAY DEVANTURE V2.png using Guid(8e788d686f523e949b1ffc4cb708092a) Importer(815301076,1909f56bfc062723c751e8b465ee728b)  -> (artifact id: '60d8bd159b9a034550d2a7f38d191eb1') in 0.024311 seconds
  Import took 0.028212 seconds .

========================================================================
Received Import Request.
  Time since last request: 0.001181 seconds.
  path: Assets/Assets/HOW TO PLAY DEVANTURE V2.png
  artifactKey: Guid(8e788d686f523e949b1ffc4cb708092a) Importer(815301076,1909f56bfc062723c751e8b465ee728b)
Start importing Assets/Assets/HOW TO PLAY DEVANTURE V2.png using Guid(8e788d686f523e949b1ffc4cb708092a) Importer(815301076,1909f56bfc062723c751e8b465ee728b)  -> (artifact id: '60d8bd159b9a034550d2a7f38d191eb1') in 0.017636 seconds
  Import took 0.021011 seconds .

========================================================================
Received Import Request.
  Time since last request: 14.488473 seconds.
  path: Assets/Assets/HOW TO PLAY DEVANTURE V2.png
  artifactKey: Guid(8e788d686f523e949b1ffc4cb708092a) Importer(815301076,1909f56bfc062723c751e8b465ee728b)
Start importing Assets/Assets/HOW TO PLAY DEVANTURE V2.png using Guid(8e788d686f523e949b1ffc4cb708092a) Importer(815301076,1909f56bfc062723c751e8b465ee728b)  -> (artifact id: '890be8d83a4d872326ede3d5878afd02') in 0.053888 seconds
  Import took 0.057148 seconds .

========================================================================
Received Prepare
Registering precompiled user dll's ...
Registered in 0.000918 seconds.
Begin MonoManager ReloadAssembly
Native extension for WindowsStandalone target not found
Refreshing native plugins compatible for Editor in 0.37 ms, found 0 plugins.
Preloading 0 native plugins for Editor in 0.00 ms.
Invoked RoslynAnalysisRunner static constructor.
RoslynAnalysisRunner will not be running.
RoslynAnalysisRunner has terminated.
Mono: successfully reloaded assembly
- Completed reload, in  0.755 seconds
Platform modules already initialized, skipping
Shader 'Universal Render Pipeline/Particles/Lit': fallback shader 'Universal Render Pipeline/Particles/SimpleLit' not found
Refreshing native plugins compatible for Editor in 0.37 ms, found 0 plugins.
Preloading 0 native plugins for Editor in 0.00 ms.
Unloading 2319 Unused Serialized files (Serialized files now loaded: 0)
System memory in use before: 110.3 MB.
System memory in use after: 110.5 MB.

Unloading 6 unused Assets to reduce memory usage. Loaded Objects now: 2900.
Total: 2.036800 ms (FindLiveObjects: 0.252700 ms CreateObjectMapping: 0.095700 ms MarkObjects: 1.634700 ms  DeleteObjects: 0.052800 ms)

AssetImportWorkerClient::OnTransportError - code=2 error=End of file
